<?xml version="1.0" encoding="UTF-8"?>
<testng-results skipped="0" failed="0" ignored="0" total="4" passed="4">
  <reporter-output>
  </reporter-output>
  <suite name="API Test Suite" duration-ms="8320" started-at="2020-04-27T20:42:38Z" finished-at="2020-04-27T20:42:46Z">
    <groups>
    </groups>
    <test name="API Regression1" duration-ms="8320" started-at="2020-04-27T20:42:38Z" finished-at="2020-04-27T20:42:46Z">
      <class name="com.erostrum.tests.SingleUserNotFoundTest">
        <test-method status="PASS" signature="setup()[pri:0, instance:com.erostrum.tests.SingleUserNotFoundTest@3baaffa0]" name="setup" is-config="true" duration-ms="0" started-at="2020-04-27T20:42:43Z" finished-at="2020-04-27T20:42:43Z">
          <reporter-output>
          </reporter-output>
        </test-method> <!-- setup -->
        <test-method status="PASS" signature="testSingleUserNotFound()[pri:0, instance:com.erostrum.tests.SingleUserNotFoundTest@3baaffa0]" name="testSingleUserNotFound" duration-ms="1005" started-at="2020-04-27T20:42:43Z" finished-at="2020-04-27T20:42:44Z">
          <reporter-output>
          </reporter-output>
        </test-method> <!-- testSingleUserNotFound -->
      </class> <!-- com.erostrum.tests.SingleUserNotFoundTest -->
      <class name="com.erostrum.tests.SingleUserTest">
        <test-method status="PASS" signature="setup()[pri:0, instance:com.erostrum.tests.SingleUserTest@4decdfa9]" name="setup" is-config="true" duration-ms="0" started-at="2020-04-27T20:42:44Z" finished-at="2020-04-27T20:42:44Z">
          <reporter-output>
          </reporter-output>
        </test-method> <!-- setup -->
        <test-method status="PASS" signature="testSingleUser()[pri:0, instance:com.erostrum.tests.SingleUserTest@4decdfa9]" name="testSingleUser" duration-ms="2466" started-at="2020-04-27T20:42:44Z" finished-at="2020-04-27T20:42:46Z">
          <reporter-output>
          </reporter-output>
        </test-method> <!-- testSingleUser -->
      </class> <!-- com.erostrum.tests.SingleUserTest -->
      <class name="com.erostrum.tests.ListUsersTest">
        <test-method status="PASS" signature="setup()[pri:0, instance:com.erostrum.tests.ListUsersTest@2c61848e]" name="setup" is-config="true" duration-ms="598" started-at="2020-04-27T20:42:38Z" finished-at="2020-04-27T20:42:39Z">
          <reporter-output>
          </reporter-output>
        </test-method> <!-- setup -->
        <test-method status="PASS" signature="testUserResponse()[pri:0, instance:com.erostrum.tests.ListUsersTest@2c61848e]" name="testUserResponse" duration-ms="3262" started-at="2020-04-27T20:42:39Z" finished-at="2020-04-27T20:42:42Z">
          <reporter-output>
          </reporter-output>
        </test-method> <!-- testUserResponse -->
        <test-method status="PASS" signature="testUsersStatusCode()[pri:0, instance:com.erostrum.tests.ListUsersTest@2c61848e]" name="testUsersStatusCode" duration-ms="964" started-at="2020-04-27T20:42:42Z" finished-at="2020-04-27T20:42:43Z">
          <reporter-output>
          </reporter-output>
        </test-method> <!-- testUsersStatusCode -->
      </class> <!-- com.erostrum.tests.ListUsersTest -->
    </test> <!-- API Regression1 -->
  </suite> <!-- API Test Suite -->
</testng-results>
